C51 COMPILER V9.54   COMMON                                                                11/02/2020 09:13:01 PAGE 1   


C51 COMPILER V9.54, COMPILATION OF MODULE COMMON
OBJECT MODULE PLACED IN .\Objects\common.obj
COMPILER INVOKED BY: e:\Keil_v5\C51\BIN\C51.EXE common.c OPTIMIZE(8,SPEED) BROWSE DEBUG OBJECTEXTEND PRINT(.\Listings\co
                    -mmon.lst) OBJECT(.\Objects\common.obj)

line level    source

   1          #include "common.h"
   2          
   3          extern void buzz_on(void)
   4          {
   5   1              buzz = 1 ; 
   6   1      }
   7          
   8          extern void buzz_off(void)
   9          {
  10   1              buzz = 0 ; 
  11   1      }
  12          
  13          extern void led_on(void)
  14          {
  15   1              led = 0 ; 
  16   1      }
  17          
  18          extern void led_off(void)
  19          {
  20   1              led = 1 ; 
  21   1      }


MODULE INFORMATION:   STATIC OVERLAYABLE
   CODE SIZE        =     12    ----
   CONSTANT SIZE    =   ----    ----
   XDATA SIZE       =   ----    ----
   PDATA SIZE       =   ----    ----
   DATA SIZE        =   ----    ----
   IDATA SIZE       =   ----    ----
   BIT SIZE         =   ----    ----
END OF MODULE INFORMATION.


C51 COMPILATION COMPLETE.  0 WARNING(S),  0 ERROR(S)
