C51 COMPILER V9.54   GPIO                                                                  11/02/2020 09:13:02 PAGE 1   


C51 COMPILER V9.54, COMPILATION OF MODULE GPIO
OBJECT MODULE PLACED IN .\Objects\gpio.obj
COMPILER INVOKED BY: e:\Keil_v5\C51\BIN\C51.EXE gpio.c OPTIMIZE(8,SPEED) BROWSE DEBUG OBJECTEXTEND PRINT(.\Listings\gpio
                    -.lst) OBJECT(.\Objects\gpio.obj)

line level    source

   1          #include "gpio.h"
   2          
   3          /*****************************************
   4          *  00 准双向io口                01 推挽输出
   5          *  10 高阻输入                  11 开漏
   6          *****************************************/
   7          void gpio_init(void)   //按键，数码管，蜂鸣器，LED等端口初始化
   8          {                                          //其中按键P11为高阻输入,红外P00，串口收P30，串口发P31待定外，其余均为推挽输出
   9   1              P0M0 = 0x00 ; //0000 0000
  10   1              P0M1 = 0xfe ; //1111 1110
  11   1              
  12   1              P1M0 = 0x02 ; //0000 0010
  13   1              P1M1 = 0xfd ; //1111 1101
  14   1              
  15   1              P2M0 = 0x00 ; //0000 0000
  16   1              P2M1 = 0xff ; //1111 1111
  17   1      
  18   1              P3M0 = 0x00 ; //0000 0000
  19   1              P3M1 = 0xfc ; //1111 1100
  20   1      }


MODULE INFORMATION:   STATIC OVERLAYABLE
   CODE SIZE        =     23    ----
   CONSTANT SIZE    =   ----    ----
   XDATA SIZE       =   ----    ----
   PDATA SIZE       =   ----    ----
   DATA SIZE        =   ----    ----
   IDATA SIZE       =   ----    ----
   BIT SIZE         =   ----    ----
END OF MODULE INFORMATION.


C51 COMPILATION COMPLETE.  0 WARNING(S),  0 ERROR(S)
