C51 COMPILER V9.54   TIMER0                                                                11/02/2020 09:13:02 PAGE 1   


C51 COMPILER V9.54, COMPILATION OF MODULE TIMER0
OBJECT MODULE PLACED IN .\Objects\timer0.obj
COMPILER INVOKED BY: e:\Keil_v5\C51\BIN\C51.EXE timer0.c OPTIMIZE(8,SPEED) BROWSE DEBUG OBJECTEXTEND PRINT(.\Listings\ti
                    -mer0.lst) OBJECT(.\Objects\timer0.obj)

line level    source

   1          #include "timer0.h"
   2          
   3          u8 frequent_update_all = 0xff ; 
   4          
   5          void timer0_init(void)
   6          {
   7   1              TMOD &= 0xf0 ; //清低4位
   8   1              TMOD |= 0x02 ; //模式2，8bit自动重装
   9   1      //      TMOD |= 0x01 ; //模式1，16bit定时计数器模式
  10   1      
  11   1      //      TH0 = 0x00 ;  //
  12   1      //      TL0 = 0x00 ;
  13   1              
  14   1              TH0 = TL0 = frequent_update_all ;
  15   1      
  16   1              ET0 = 0 ;  //开中断会影响精度，不需要时不要开
  17   1      //      ET0 = 1 ; 
  18   1              EA = 1 ; 
  19   1              TR0 = 1 ; 
  20   1      }
  21          
  22          void timer0_interrupt(void) interrupt 1
  23          {
  24   1              TR0 = 0 ; //更改定时器初值前，最好将定时器停止
  25   1              
  26   1              TH0 = TL0 = frequent_update_all ; 
  27   1              
  28   1      //      TH0 = 0x00 ;  //
  29   1      //      TL0 = 0xff ;
  30   1              
  31   1      //      TH0 = 0x00 ;  //在模式2时，一般可以将TH0和TL0设置为同一数值
  32   1      //      TL0 = 0x00 ;
  33   1              
  34   1              TR0 = 1 ; //重新计数
  35   1      }


MODULE INFORMATION:   STATIC OVERLAYABLE
   CODE SIZE        =     41    ----
   CONSTANT SIZE    =   ----    ----
   XDATA SIZE       =   ----    ----
   PDATA SIZE       =   ----    ----
   DATA SIZE        =      1    ----
   IDATA SIZE       =   ----    ----
   BIT SIZE         =   ----    ----
END OF MODULE INFORMATION.


C51 COMPILATION COMPLETE.  0 WARNING(S),  0 ERROR(S)
